<?xml version="1.0" encoding="UTF-8"?>
<!-- Generated by org.testng.reporters.JUnitXMLReporter -->
<testsuite ignored="0" hostname="REZA" failures="1" tests="6" name="1. Smoke Tests" time="67.315" errors="0" timestamp="2026-06-30T13:34:45 EDT">
  <testcase classname="tests.MyDemoSmokeTests" name="smoke_AppLaunchesSuccessfully" time="0.339"/>
  <testcase classname="tests.MyDemoSmokeTests" name="smoke_ProductsCatalogLoads" time="8.314"/>
  <testcase classname="tests.MyDemoSmokeTests" name="smoke_LoginScreenAccessible" time="8.764"/>
  <testcase classname="tests.MyDemoSmokeTests" name="smoke_ValidLoginWorks" time="4.348"/>
  <testcase classname="tests.MyDemoSmokeTests" name="smoke_AppBackgroundAndResume" time="18.035"/>
  <testcase classname="tests.MyDemoSmokeTests" name="smoke_CartIconVisibleAndClickable" time="19.122">
    <failure type="java.lang.AssertionError" message="Cart page did not open after tapping cart icon expected [true] but found [false]">
      <![CDATA[java.lang.AssertionError: Cart page did not open after tapping cart icon expected [true] but found [false]
at tests.MyDemoSmokeTests.smoke_CartIconVisibleAndClickable(MyDemoSmokeTests.java:192)
at java.base/java.util.ArrayList.forEach(ArrayList.java:1597)
... Removed 32 stack frames]]>
    </failure>
  </testcase> <!-- smoke_CartIconVisibleAndClickable -->
</testsuite> <!-- 1. Smoke Tests -->
