<?xml version="1.0" encoding="UTF-8"?>
<!-- Generated by org.testng.reporters.JUnitXMLReporter -->
<testsuite ignored="0" hostname="REZA" failures="0" tests="9" name="2. Regression (E2E Login + Cart + Checkout)" time="224.691" errors="0" timestamp="2026-06-30T13:38:30 EDT">
  <testcase classname="tests.MyDemoE2ETests" name="testValidLoginShowsProductsPage" time="7.172"/>
  <testcase classname="tests.MyDemoE2ETests" name="testInvalidLoginShowsError" time="13.721"/>
  <testcase classname="tests.MyDemoE2ETests" name="testEmptyCredentialsDoNotLogin" time="13.132"/>
  <testcase classname="tests.MyDemoE2ETests" name="testProductCatalogIsNotEmpty" time="3.432"/>
  <testcase classname="tests.MyDemoE2ETests" name="testFirstProductHasReadableName" time="12.64"/>
  <testcase classname="tests.MyDemoE2ETests" name="testAddProductToCart" time="24.8"/>
  <testcase classname="tests.MyDemoE2ETests" name="testCartShowsAddedProduct" time="20.503"/>
  <testcase classname="tests.MyDemoE2ETests" name="testFullE2ECheckoutFlow" time="61.664"/>
  <testcase classname="tests.MyDemoE2ETests" name="testAddMultipleProductsAndCheckout" time="60.763"/>
</testsuite> <!-- 2. Regression (E2E Login + Cart + Checkout) -->
