<?xml version="1.0" encoding="UTF-8"?>
<!-- Generated by org.testng.reporters.JUnitXMLReporter -->
<testsuite ignored="0" hostname="REZA" failures="5" tests="6" name="3. App Lifecycle Tests" time="655.618" errors="0" timestamp="2026-06-30T13:49:26 EDT">
  <testcase classname="tests.MyDemoAppLifecycleTests" name="lifecycle_BackgroundResumeKeepsSession" time="15.394"/>
  <testcase classname="tests.MyDemoAppLifecycleTests" name="lifecycle_ScreenRotationDoesNotCrash" time="633.617">
    <failure type="org.openqa.selenium.NoSuchSessionException" message="A session is either terminated or not started
Build info: version: &amp;apos;4.32.0&amp;apos;, revision: &amp;apos;d17c8aa950&amp;apos;
System info: os.name: &amp;apos;Windows 11&amp;apos;, os.arch: &amp;apos;amd64&amp;apos;, os.version: &amp;apos;10.0&amp;apos;, java.version: &amp;apos;23.0.1&amp;apos;
Driver info: io.appium.java_client.android.AndroidDriver
Command: [8c4e6c83-0924-4149-b0a6-ce96ec2f1cab, findElement {using=xpath, value=//android.widget.EditText[1]}]
Capabilities {appium:app: C:\Users\rezau\MyDemoApp.apk, appium:appActivity: com.saucelabs.mydemoapp.and..., appium:appPackage: com.saucelabs.mydemoapp.and..., appium:appWaitActivity: *, appium:appWaitDuration: 30000, appium:automationName: UiAutomator2, appium:databaseEnabled: false, appium:desired: {app: C:\Users\rezau\MyDemoApp.apk, appPackage: com.saucelabs.mydemoapp.and..., appWaitActivity: *, appWaitDuration: 30000, automationName: UiAutomator2, deviceName: emulator-5554, fullReset: false, newCommandTimeout: 120, noReset: true, platformName: ANDROID, uiautomator2ServerInstallTimeout: 60000, uiautomator2ServerLaunchTimeout: 60000}, appium:deviceApiLevel: 31, appium:deviceManufacturer: Google, appium:deviceModel: sdk_gphone64_x86_64, appium:deviceName: emulator-5554, appium:deviceScreenDensity: 420, appium:deviceScreenSize: 1080x2400, appium:deviceUDID: emulator-5554, appium:fullReset: false, appium:javascriptEnabled: true, appium:locationContextEnabled: false, appium:networkConnectionEnabled: true, appium:newCommandTimeout: 120, appium:noReset: true, appium:pixelRatio: 2.625, appium:platformVersion: 12, appium:statBarHeight: 63, appium:takesScreenshot: true, appium:uiautomator2ServerInstallTimeout: 60000, appium:uiautomator2ServerLaunchTimeout: 60000, appium:viewportRect: {height: 2337, left: 0, top: 63, width: 1080}, appium:warnings: {}, appium:webStorageEnabled: false, platformName: ANDROID}
Session ID: 8c4e6c83-0924-4149-b0a6-ce96ec2f1cab">
      <![CDATA[org.openqa.selenium.NoSuchSessionException: A session is either terminated or not started
Build info: version: '4.32.0', revision: 'd17c8aa950'
System info: os.name: 'Windows 11', os.arch: 'amd64', os.version: '10.0', java.version: '23.0.1'
Driver info: io.appium.java_client.android.AndroidDriver
Command: [8c4e6c83-0924-4149-b0a6-ce96ec2f1cab, findElement {using=xpath, value=//android.widget.EditText[1]}]
Capabilities {appium:app: C:\Users\rezau\MyDemoApp.apk, appium:appActivity: com.saucelabs.mydemoapp.and..., appium:appPackage: com.saucelabs.mydemoapp.and..., appium:appWaitActivity: *, appium:appWaitDuration: 30000, appium:automationName: UiAutomator2, appium:databaseEnabled: false, appium:desired: {app: C:\Users\rezau\MyDemoApp.apk, appPackage: com.saucelabs.mydemoapp.and..., appWaitActivity: *, appWaitDuration: 30000, automationName: UiAutomator2, deviceName: emulator-5554, fullReset: false, newCommandTimeout: 120, noReset: true, platformName: ANDROID, uiautomator2ServerInstallTimeout: 60000, uiautomator2ServerLaunchTimeout: 60000}, appium:deviceApiLevel: 31, appium:deviceManufacturer: Google, appium:deviceModel: sdk_gphone64_x86_64, appium:deviceName: emulator-5554, appium:deviceScreenDensity: 420, appium:deviceScreenSize: 1080x2400, appium:deviceUDID: emulator-5554, appium:fullReset: false, appium:javascriptEnabled: true, appium:locationContextEnabled: false, appium:networkConnectionEnabled: true, appium:newCommandTimeout: 120, appium:noReset: true, appium:pixelRatio: 2.625, appium:platformVersion: 12, appium:statBarHeight: 63, appium:takesScreenshot: true, appium:uiautomator2ServerInstallTimeout: 60000, appium:uiautomator2ServerLaunchTimeout: 60000, appium:viewportRect: {height: 2337, left: 0, top: 63, width: 1080}, appium:warnings: {}, appium:webStorageEnabled: false, platformName: ANDROID}
Session ID: 8c4e6c83-0924-4149-b0a6-ce96ec2f1cab
at org.openqa.selenium.remote.ErrorCodec.decode(ErrorCodec.java:167)
at org.openqa.selenium.remote.codec.w3c.W3CHttpResponseCodec.decode(W3CHttpResponseCodec.java:138)
at org.openqa.selenium.remote.codec.w3c.W3CHttpResponseCodec.decode(W3CHttpResponseCodec.java:50)
at org.openqa.selenium.remote.HttpCommandExecutor.execute(HttpCommandExecutor.java:215)
at io.appium.java_client.remote.AppiumCommandExecutor.execute(AppiumCommandExecutor.java:244)
at org.openqa.selenium.remote.RemoteWebDriver.execute(RemoteWebDriver.java:545)
at org.openqa.selenium.remote.ElementLocation$ElementFinder$2.findElement(ElementLocation.java:165)
at org.openqa.selenium.remote.ElementLocation.findElement(ElementLocation.java:59)
at org.openqa.selenium.remote.RemoteWebDriver.findElement(RemoteWebDriver.java:368)
at org.openqa.selenium.remote.RemoteWebDriver.findElement(RemoteWebDriver.java:362)
at org.openqa.selenium.support.ui.ExpectedConditions$7.apply(ExpectedConditions.java:194)
at org.openqa.selenium.support.ui.ExpectedConditions$7.apply(ExpectedConditions.java:190)
at org.openqa.selenium.support.ui.ExpectedConditions$22.apply(ExpectedConditions.java:627)
at org.openqa.selenium.support.ui.ExpectedConditions$22.apply(ExpectedConditions.java:624)
at org.openqa.selenium.support.ui.FluentWait.until(FluentWait.java:203)
at pages.mydemo.LoginPage.findBestField(LoginPage.java:235)
at pages.mydemo.LoginPage.enterUsername(LoginPage.java:188)
at pages.mydemo.LoginPage.login(LoginPage.java:208)
at tests.MyDemoAppLifecycleTests.lifecycle_ScreenRotationDoesNotCrash(MyDemoAppLifecycleTests.java:89)
at java.base/java.util.ArrayList.forEach(ArrayList.java:1597)
... Removed 32 stack frames]]>
    </failure>
  </testcase> <!-- lifecycle_ScreenRotationDoesNotCrash -->
  <testcase classname="tests.MyDemoAppLifecycleTests" name="lifecycle_ForceStopAndRelaunches" time="0.004">
    <failure type="org.openqa.selenium.NoSuchSessionException" message="A session is either terminated or not started
Build info: version: &amp;apos;4.32.0&amp;apos;, revision: &amp;apos;d17c8aa950&amp;apos;
System info: os.name: &amp;apos;Windows 11&amp;apos;, os.arch: &amp;apos;amd64&amp;apos;, os.version: &amp;apos;10.0&amp;apos;, java.version: &amp;apos;23.0.1&amp;apos;
Driver info: io.appium.java_client.android.AndroidDriver
Command: [8c4e6c83-0924-4149-b0a6-ce96ec2f1cab, findElements {using=id, value=com.saucelabs.mydemoapp.android:id/menuIV}]
Capabilities {appium:app: C:\Users\rezau\MyDemoApp.apk, appium:appActivity: com.saucelabs.mydemoapp.and..., appium:appPackage: com.saucelabs.mydemoapp.and..., appium:appWaitActivity: *, appium:appWaitDuration: 30000, appium:automationName: UiAutomator2, appium:databaseEnabled: false, appium:desired: {app: C:\Users\rezau\MyDemoApp.apk, appPackage: com.saucelabs.mydemoapp.and..., appWaitActivity: *, appWaitDuration: 30000, automationName: UiAutomator2, deviceName: emulator-5554, fullReset: false, newCommandTimeout: 120, noReset: true, platformName: ANDROID, uiautomator2ServerInstallTimeout: 60000, uiautomator2ServerLaunchTimeout: 60000}, appium:deviceApiLevel: 31, appium:deviceManufacturer: Google, appium:deviceModel: sdk_gphone64_x86_64, appium:deviceName: emulator-5554, appium:deviceScreenDensity: 420, appium:deviceScreenSize: 1080x2400, appium:deviceUDID: emulator-5554, appium:fullReset: false, appium:javascriptEnabled: true, appium:locationContextEnabled: false, appium:networkConnectionEnabled: true, appium:newCommandTimeout: 120, appium:noReset: true, appium:pixelRatio: 2.625, appium:platformVersion: 12, appium:statBarHeight: 63, appium:takesScreenshot: true, appium:uiautomator2ServerInstallTimeout: 60000, appium:uiautomator2ServerLaunchTimeout: 60000, appium:viewportRect: {height: 2337, left: 0, top: 63, width: 1080}, appium:warnings: {}, appium:webStorageEnabled: false, platformName: ANDROID}
Session ID: 8c4e6c83-0924-4149-b0a6-ce96ec2f1cab">
      <![CDATA[org.openqa.selenium.NoSuchSessionException: A session is either terminated or not started
Build info: version: '4.32.0', revision: 'd17c8aa950'
System info: os.name: 'Windows 11', os.arch: 'amd64', os.version: '10.0', java.version: '23.0.1'
Driver info: io.appium.java_client.android.AndroidDriver
Command: [8c4e6c83-0924-4149-b0a6-ce96ec2f1cab, findElements {using=id, value=com.saucelabs.mydemoapp.android:id/menuIV}]
Capabilities {appium:app: C:\Users\rezau\MyDemoApp.apk, appium:appActivity: com.saucelabs.mydemoapp.and..., appium:appPackage: com.saucelabs.mydemoapp.and..., appium:appWaitActivity: *, appium:appWaitDuration: 30000, appium:automationName: UiAutomator2, appium:databaseEnabled: false, appium:desired: {app: C:\Users\rezau\MyDemoApp.apk, appPackage: com.saucelabs.mydemoapp.and..., appWaitActivity: *, appWaitDuration: 30000, automationName: UiAutomator2, deviceName: emulator-5554, fullReset: false, newCommandTimeout: 120, noReset: true, platformName: ANDROID, uiautomator2ServerInstallTimeout: 60000, uiautomator2ServerLaunchTimeout: 60000}, appium:deviceApiLevel: 31, appium:deviceManufacturer: Google, appium:deviceModel: sdk_gphone64_x86_64, appium:deviceName: emulator-5554, appium:deviceScreenDensity: 420, appium:deviceScreenSize: 1080x2400, appium:deviceUDID: emulator-5554, appium:fullReset: false, appium:javascriptEnabled: true, appium:locationContextEnabled: false, appium:networkConnectionEnabled: true, appium:newCommandTimeout: 120, appium:noReset: true, appium:pixelRatio: 2.625, appium:platformVersion: 12, appium:statBarHeight: 63, appium:takesScreenshot: true, appium:uiautomator2ServerInstallTimeout: 60000, appium:uiautomator2ServerLaunchTimeout: 60000, appium:viewportRect: {height: 2337, left: 0, top: 63, width: 1080}, appium:warnings: {}, appium:webStorageEnabled: false, platformName: ANDROID}
Session ID: 8c4e6c83-0924-4149-b0a6-ce96ec2f1cab
at org.openqa.selenium.remote.ErrorCodec.decode(ErrorCodec.java:167)
at org.openqa.selenium.remote.codec.w3c.W3CHttpResponseCodec.decode(W3CHttpResponseCodec.java:138)
at org.openqa.selenium.remote.codec.w3c.W3CHttpResponseCodec.decode(W3CHttpResponseCodec.java:50)
at org.openqa.selenium.remote.HttpCommandExecutor.execute(HttpCommandExecutor.java:215)
at io.appium.java_client.remote.AppiumCommandExecutor.execute(AppiumCommandExecutor.java:244)
at org.openqa.selenium.remote.RemoteWebDriver.execute(RemoteWebDriver.java:545)
at org.openqa.selenium.remote.ElementLocation$ElementFinder$2.findElements(ElementLocation.java:182)
at org.openqa.selenium.remote.ElementLocation.findElements(ElementLocation.java:103)
at org.openqa.selenium.remote.RemoteWebDriver.findElements(RemoteWebDriver.java:381)
at org.openqa.selenium.remote.RemoteWebDriver.findElements(RemoteWebDriver.java:375)
at pages.mydemo.LoginPage.navigateToLoginIfNeeded(LoginPage.java:74)
at pages.mydemo.LoginPage.login(LoginPage.java:207)
at tests.MyDemoAppLifecycleTests.lifecycle_ForceStopAndRelaunches(MyDemoAppLifecycleTests.java:127)
at java.base/java.util.ArrayList.forEach(ArrayList.java:1597)
... Removed 32 stack frames]]>
    </failure>
  </testcase> <!-- lifecycle_ForceStopAndRelaunches -->
  <testcase classname="tests.MyDemoAppLifecycleTests" name="lifecycle_MultipleBackgroundResumeCycles" time="0.004">
    <failure type="org.openqa.selenium.NoSuchSessionException" message="A session is either terminated or not started
Build info: version: &amp;apos;4.32.0&amp;apos;, revision: &amp;apos;d17c8aa950&amp;apos;
System info: os.name: &amp;apos;Windows 11&amp;apos;, os.arch: &amp;apos;amd64&amp;apos;, os.version: &amp;apos;10.0&amp;apos;, java.version: &amp;apos;23.0.1&amp;apos;
Driver info: io.appium.java_client.android.AndroidDriver
Command: [8c4e6c83-0924-4149-b0a6-ce96ec2f1cab, findElements {using=id, value=com.saucelabs.mydemoapp.android:id/menuIV}]
Capabilities {appium:app: C:\Users\rezau\MyDemoApp.apk, appium:appActivity: com.saucelabs.mydemoapp.and..., appium:appPackage: com.saucelabs.mydemoapp.and..., appium:appWaitActivity: *, appium:appWaitDuration: 30000, appium:automationName: UiAutomator2, appium:databaseEnabled: false, appium:desired: {app: C:\Users\rezau\MyDemoApp.apk, appPackage: com.saucelabs.mydemoapp.and..., appWaitActivity: *, appWaitDuration: 30000, automationName: UiAutomator2, deviceName: emulator-5554, fullReset: false, newCommandTimeout: 120, noReset: true, platformName: ANDROID, uiautomator2ServerInstallTimeout: 60000, uiautomator2ServerLaunchTimeout: 60000}, appium:deviceApiLevel: 31, appium:deviceManufacturer: Google, appium:deviceModel: sdk_gphone64_x86_64, appium:deviceName: emulator-5554, appium:deviceScreenDensity: 420, appium:deviceScreenSize: 1080x2400, appium:deviceUDID: emulator-5554, appium:fullReset: false, appium:javascriptEnabled: true, appium:locationContextEnabled: false, appium:networkConnectionEnabled: true, appium:newCommandTimeout: 120, appium:noReset: true, appium:pixelRatio: 2.625, appium:platformVersion: 12, appium:statBarHeight: 63, appium:takesScreenshot: true, appium:uiautomator2ServerInstallTimeout: 60000, appium:uiautomator2ServerLaunchTimeout: 60000, appium:viewportRect: {height: 2337, left: 0, top: 63, width: 1080}, appium:warnings: {}, appium:webStorageEnabled: false, platformName: ANDROID}
Session ID: 8c4e6c83-0924-4149-b0a6-ce96ec2f1cab">
      <![CDATA[org.openqa.selenium.NoSuchSessionException: A session is either terminated or not started
Build info: version: '4.32.0', revision: 'd17c8aa950'
System info: os.name: 'Windows 11', os.arch: 'amd64', os.version: '10.0', java.version: '23.0.1'
Driver info: io.appium.java_client.android.AndroidDriver
Command: [8c4e6c83-0924-4149-b0a6-ce96ec2f1cab, findElements {using=id, value=com.saucelabs.mydemoapp.android:id/menuIV}]
Capabilities {appium:app: C:\Users\rezau\MyDemoApp.apk, appium:appActivity: com.saucelabs.mydemoapp.and..., appium:appPackage: com.saucelabs.mydemoapp.and..., appium:appWaitActivity: *, appium:appWaitDuration: 30000, appium:automationName: UiAutomator2, appium:databaseEnabled: false, appium:desired: {app: C:\Users\rezau\MyDemoApp.apk, appPackage: com.saucelabs.mydemoapp.and..., appWaitActivity: *, appWaitDuration: 30000, automationName: UiAutomator2, deviceName: emulator-5554, fullReset: false, newCommandTimeout: 120, noReset: true, platformName: ANDROID, uiautomator2ServerInstallTimeout: 60000, uiautomator2ServerLaunchTimeout: 60000}, appium:deviceApiLevel: 31, appium:deviceManufacturer: Google, appium:deviceModel: sdk_gphone64_x86_64, appium:deviceName: emulator-5554, appium:deviceScreenDensity: 420, appium:deviceScreenSize: 1080x2400, appium:deviceUDID: emulator-5554, appium:fullReset: false, appium:javascriptEnabled: true, appium:locationContextEnabled: false, appium:networkConnectionEnabled: true, appium:newCommandTimeout: 120, appium:noReset: true, appium:pixelRatio: 2.625, appium:platformVersion: 12, appium:statBarHeight: 63, appium:takesScreenshot: true, appium:uiautomator2ServerInstallTimeout: 60000, appium:uiautomator2ServerLaunchTimeout: 60000, appium:viewportRect: {height: 2337, left: 0, top: 63, width: 1080}, appium:warnings: {}, appium:webStorageEnabled: false, platformName: ANDROID}
Session ID: 8c4e6c83-0924-4149-b0a6-ce96ec2f1cab
at org.openqa.selenium.remote.ErrorCodec.decode(ErrorCodec.java:167)
at org.openqa.selenium.remote.codec.w3c.W3CHttpResponseCodec.decode(W3CHttpResponseCodec.java:138)
at org.openqa.selenium.remote.codec.w3c.W3CHttpResponseCodec.decode(W3CHttpResponseCodec.java:50)
at org.openqa.selenium.remote.HttpCommandExecutor.execute(HttpCommandExecutor.java:215)
at io.appium.java_client.remote.AppiumCommandExecutor.execute(AppiumCommandExecutor.java:244)
at org.openqa.selenium.remote.RemoteWebDriver.execute(RemoteWebDriver.java:545)
at org.openqa.selenium.remote.ElementLocation$ElementFinder$2.findElements(ElementLocation.java:182)
at org.openqa.selenium.remote.ElementLocation.findElements(ElementLocation.java:103)
at org.openqa.selenium.remote.RemoteWebDriver.findElements(RemoteWebDriver.java:381)
at org.openqa.selenium.remote.RemoteWebDriver.findElements(RemoteWebDriver.java:375)
at pages.mydemo.LoginPage.navigateToLoginIfNeeded(LoginPage.java:74)
at pages.mydemo.LoginPage.login(LoginPage.java:207)
at tests.MyDemoAppLifecycleTests.lifecycle_MultipleBackgroundResumeCycles(MyDemoAppLifecycleTests.java:156)
at java.base/java.util.ArrayList.forEach(ArrayList.java:1597)
... Removed 32 stack frames]]>
    </failure>
  </testcase> <!-- lifecycle_MultipleBackgroundResumeCycles -->
  <testcase classname="tests.MyDemoAppLifecycleTests" name="lifecycle_TerminateAndColdStart" time="0.004">
    <failure type="org.openqa.selenium.NoSuchSessionException" message="A session is either terminated or not started
Build info: version: &amp;apos;4.32.0&amp;apos;, revision: &amp;apos;d17c8aa950&amp;apos;
System info: os.name: &amp;apos;Windows 11&amp;apos;, os.arch: &amp;apos;amd64&amp;apos;, os.version: &amp;apos;10.0&amp;apos;, java.version: &amp;apos;23.0.1&amp;apos;
Driver info: io.appium.java_client.android.AndroidDriver
Command: [8c4e6c83-0924-4149-b0a6-ce96ec2f1cab, executeScript {script=mobile: terminateApp, args=[{appId=com.saucelabs.mydemoapp.android, bundleId=com.saucelabs.mydemoapp.android}]}]
Capabilities {appium:app: C:\Users\rezau\MyDemoApp.apk, appium:appActivity: com.saucelabs.mydemoapp.and..., appium:appPackage: com.saucelabs.mydemoapp.and..., appium:appWaitActivity: *, appium:appWaitDuration: 30000, appium:automationName: UiAutomator2, appium:databaseEnabled: false, appium:desired: {app: C:\Users\rezau\MyDemoApp.apk, appPackage: com.saucelabs.mydemoapp.and..., appWaitActivity: *, appWaitDuration: 30000, automationName: UiAutomator2, deviceName: emulator-5554, fullReset: false, newCommandTimeout: 120, noReset: true, platformName: ANDROID, uiautomator2ServerInstallTimeout: 60000, uiautomator2ServerLaunchTimeout: 60000}, appium:deviceApiLevel: 31, appium:deviceManufacturer: Google, appium:deviceModel: sdk_gphone64_x86_64, appium:deviceName: emulator-5554, appium:deviceScreenDensity: 420, appium:deviceScreenSize: 1080x2400, appium:deviceUDID: emulator-5554, appium:fullReset: false, appium:javascriptEnabled: true, appium:locationContextEnabled: false, appium:networkConnectionEnabled: true, appium:newCommandTimeout: 120, appium:noReset: true, appium:pixelRatio: 2.625, appium:platformVersion: 12, appium:statBarHeight: 63, appium:takesScreenshot: true, appium:uiautomator2ServerInstallTimeout: 60000, appium:uiautomator2ServerLaunchTimeout: 60000, appium:viewportRect: {height: 2337, left: 0, top: 63, width: 1080}, appium:warnings: {}, appium:webStorageEnabled: false, platformName: ANDROID}
Session ID: 8c4e6c83-0924-4149-b0a6-ce96ec2f1cab">
      <![CDATA[org.openqa.selenium.NoSuchSessionException: A session is either terminated or not started
Build info: version: '4.32.0', revision: 'd17c8aa950'
System info: os.name: 'Windows 11', os.arch: 'amd64', os.version: '10.0', java.version: '23.0.1'
Driver info: io.appium.java_client.android.AndroidDriver
Command: [8c4e6c83-0924-4149-b0a6-ce96ec2f1cab, executeScript {script=mobile: terminateApp, args=[{appId=com.saucelabs.mydemoapp.android, bundleId=com.saucelabs.mydemoapp.android}]}]
Capabilities {appium:app: C:\Users\rezau\MyDemoApp.apk, appium:appActivity: com.saucelabs.mydemoapp.and..., appium:appPackage: com.saucelabs.mydemoapp.and..., appium:appWaitActivity: *, appium:appWaitDuration: 30000, appium:automationName: UiAutomator2, appium:databaseEnabled: false, appium:desired: {app: C:\Users\rezau\MyDemoApp.apk, appPackage: com.saucelabs.mydemoapp.and..., appWaitActivity: *, appWaitDuration: 30000, automationName: UiAutomator2, deviceName: emulator-5554, fullReset: false, newCommandTimeout: 120, noReset: true, platformName: ANDROID, uiautomator2ServerInstallTimeout: 60000, uiautomator2ServerLaunchTimeout: 60000}, appium:deviceApiLevel: 31, appium:deviceManufacturer: Google, appium:deviceModel: sdk_gphone64_x86_64, appium:deviceName: emulator-5554, appium:deviceScreenDensity: 420, appium:deviceScreenSize: 1080x2400, appium:deviceUDID: emulator-5554, appium:fullReset: false, appium:javascriptEnabled: true, appium:locationContextEnabled: false, appium:networkConnectionEnabled: true, appium:newCommandTimeout: 120, appium:noReset: true, appium:pixelRatio: 2.625, appium:platformVersion: 12, appium:statBarHeight: 63, appium:takesScreenshot: true, appium:uiautomator2ServerInstallTimeout: 60000, appium:uiautomator2ServerLaunchTimeout: 60000, appium:viewportRect: {height: 2337, left: 0, top: 63, width: 1080}, appium:warnings: {}, appium:webStorageEnabled: false, platformName: ANDROID}
Session ID: 8c4e6c83-0924-4149-b0a6-ce96ec2f1cab
at org.openqa.selenium.remote.ErrorCodec.decode(ErrorCodec.java:167)
at org.openqa.selenium.remote.codec.w3c.W3CHttpResponseCodec.decode(W3CHttpResponseCodec.java:138)
at org.openqa.selenium.remote.codec.w3c.W3CHttpResponseCodec.decode(W3CHttpResponseCodec.java:50)
at org.openqa.selenium.remote.HttpCommandExecutor.execute(HttpCommandExecutor.java:215)
at io.appium.java_client.remote.AppiumCommandExecutor.execute(AppiumCommandExecutor.java:244)
at org.openqa.selenium.remote.RemoteWebDriver.execute(RemoteWebDriver.java:545)
at org.openqa.selenium.remote.RemoteWebDriver.execute(RemoteWebDriver.java:618)
at io.appium.java_client.AppiumDriver.execute(AppiumDriver.java:230)
at io.appium.java_client.CommandExecutionHelper.execute(CommandExecutionHelper.java:36)
at io.appium.java_client.CommandExecutionHelper.executeScript(CommandExecutionHelper.java:67)
at io.appium.java_client.InteractsWithApps.terminateApp(InteractsWithApps.java:265)
at io.appium.java_client.InteractsWithApps.terminateApp(InteractsWithApps.java:246)
at tests.MyDemoAppLifecycleTests.lifecycle_TerminateAndColdStart(MyDemoAppLifecycleTests.java:188)
at java.base/java.util.ArrayList.forEach(ArrayList.java:1597)
... Removed 32 stack frames]]>
    </failure>
  </testcase> <!-- lifecycle_TerminateAndColdStart -->
  <testcase classname="tests.MyDemoAppLifecycleTests" name="lifecycle_CartStatePreservedAfterBackground" time="0.005">
    <failure type="org.openqa.selenium.NoSuchSessionException" message="A session is either terminated or not started
Build info: version: &amp;apos;4.32.0&amp;apos;, revision: &amp;apos;d17c8aa950&amp;apos;
System info: os.name: &amp;apos;Windows 11&amp;apos;, os.arch: &amp;apos;amd64&amp;apos;, os.version: &amp;apos;10.0&amp;apos;, java.version: &amp;apos;23.0.1&amp;apos;
Driver info: io.appium.java_client.android.AndroidDriver
Command: [8c4e6c83-0924-4149-b0a6-ce96ec2f1cab, findElements {using=id, value=com.saucelabs.mydemoapp.android:id/menuIV}]
Capabilities {appium:app: C:\Users\rezau\MyDemoApp.apk, appium:appActivity: com.saucelabs.mydemoapp.and..., appium:appPackage: com.saucelabs.mydemoapp.and..., appium:appWaitActivity: *, appium:appWaitDuration: 30000, appium:automationName: UiAutomator2, appium:databaseEnabled: false, appium:desired: {app: C:\Users\rezau\MyDemoApp.apk, appPackage: com.saucelabs.mydemoapp.and..., appWaitActivity: *, appWaitDuration: 30000, automationName: UiAutomator2, deviceName: emulator-5554, fullReset: false, newCommandTimeout: 120, noReset: true, platformName: ANDROID, uiautomator2ServerInstallTimeout: 60000, uiautomator2ServerLaunchTimeout: 60000}, appium:deviceApiLevel: 31, appium:deviceManufacturer: Google, appium:deviceModel: sdk_gphone64_x86_64, appium:deviceName: emulator-5554, appium:deviceScreenDensity: 420, appium:deviceScreenSize: 1080x2400, appium:deviceUDID: emulator-5554, appium:fullReset: false, appium:javascriptEnabled: true, appium:locationContextEnabled: false, appium:networkConnectionEnabled: true, appium:newCommandTimeout: 120, appium:noReset: true, appium:pixelRatio: 2.625, appium:platformVersion: 12, appium:statBarHeight: 63, appium:takesScreenshot: true, appium:uiautomator2ServerInstallTimeout: 60000, appium:uiautomator2ServerLaunchTimeout: 60000, appium:viewportRect: {height: 2337, left: 0, top: 63, width: 1080}, appium:warnings: {}, appium:webStorageEnabled: false, platformName: ANDROID}
Session ID: 8c4e6c83-0924-4149-b0a6-ce96ec2f1cab">
      <![CDATA[org.openqa.selenium.NoSuchSessionException: A session is either terminated or not started
Build info: version: '4.32.0', revision: 'd17c8aa950'
System info: os.name: 'Windows 11', os.arch: 'amd64', os.version: '10.0', java.version: '23.0.1'
Driver info: io.appium.java_client.android.AndroidDriver
Command: [8c4e6c83-0924-4149-b0a6-ce96ec2f1cab, findElements {using=id, value=com.saucelabs.mydemoapp.android:id/menuIV}]
Capabilities {appium:app: C:\Users\rezau\MyDemoApp.apk, appium:appActivity: com.saucelabs.mydemoapp.and..., appium:appPackage: com.saucelabs.mydemoapp.and..., appium:appWaitActivity: *, appium:appWaitDuration: 30000, appium:automationName: UiAutomator2, appium:databaseEnabled: false, appium:desired: {app: C:\Users\rezau\MyDemoApp.apk, appPackage: com.saucelabs.mydemoapp.and..., appWaitActivity: *, appWaitDuration: 30000, automationName: UiAutomator2, deviceName: emulator-5554, fullReset: false, newCommandTimeout: 120, noReset: true, platformName: ANDROID, uiautomator2ServerInstallTimeout: 60000, uiautomator2ServerLaunchTimeout: 60000}, appium:deviceApiLevel: 31, appium:deviceManufacturer: Google, appium:deviceModel: sdk_gphone64_x86_64, appium:deviceName: emulator-5554, appium:deviceScreenDensity: 420, appium:deviceScreenSize: 1080x2400, appium:deviceUDID: emulator-5554, appium:fullReset: false, appium:javascriptEnabled: true, appium:locationContextEnabled: false, appium:networkConnectionEnabled: true, appium:newCommandTimeout: 120, appium:noReset: true, appium:pixelRatio: 2.625, appium:platformVersion: 12, appium:statBarHeight: 63, appium:takesScreenshot: true, appium:uiautomator2ServerInstallTimeout: 60000, appium:uiautomator2ServerLaunchTimeout: 60000, appium:viewportRect: {height: 2337, left: 0, top: 63, width: 1080}, appium:warnings: {}, appium:webStorageEnabled: false, platformName: ANDROID}
Session ID: 8c4e6c83-0924-4149-b0a6-ce96ec2f1cab
at org.openqa.selenium.remote.ErrorCodec.decode(ErrorCodec.java:167)
at org.openqa.selenium.remote.codec.w3c.W3CHttpResponseCodec.decode(W3CHttpResponseCodec.java:138)
at org.openqa.selenium.remote.codec.w3c.W3CHttpResponseCodec.decode(W3CHttpResponseCodec.java:50)
at org.openqa.selenium.remote.HttpCommandExecutor.execute(HttpCommandExecutor.java:215)
at io.appium.java_client.remote.AppiumCommandExecutor.execute(AppiumCommandExecutor.java:244)
at org.openqa.selenium.remote.RemoteWebDriver.execute(RemoteWebDriver.java:545)
at org.openqa.selenium.remote.ElementLocation$ElementFinder$2.findElements(ElementLocation.java:182)
at org.openqa.selenium.remote.ElementLocation.findElements(ElementLocation.java:103)
at org.openqa.selenium.remote.RemoteWebDriver.findElements(RemoteWebDriver.java:381)
at org.openqa.selenium.remote.RemoteWebDriver.findElements(RemoteWebDriver.java:375)
at pages.mydemo.LoginPage.navigateToLoginIfNeeded(LoginPage.java:74)
at pages.mydemo.LoginPage.login(LoginPage.java:207)
at tests.MyDemoAppLifecycleTests.lifecycle_CartStatePreservedAfterBackground(MyDemoAppLifecycleTests.java:215)
at java.base/java.util.ArrayList.forEach(ArrayList.java:1597)
... Removed 32 stack frames]]>
    </failure>
  </testcase> <!-- lifecycle_CartStatePreservedAfterBackground -->
</testsuite> <!-- 3. App Lifecycle Tests -->
