<?xml version="1.0" encoding="UTF-8"?>
<!-- Generated by org.testng.reporters.JUnitXMLReporter -->
<testsuite ignored="0" hostname="REZA" failures="5" tests="7" name="4. Navigation Tests" time="2428.361" errors="0" timestamp="2026-06-30T14:29:54 EDT">
  <testcase classname="tests.MyDemoNavigationTests" name="nav_HamburgerMenuOpens" time="3.859"/>
  <testcase classname="tests.MyDemoNavigationTests" name="nav_HamburgerToLoginScreen" time="29.131">
    <failure type="java.lang.AssertionError" message="Login screen not reached via hamburger menu expected [true] but found [false]">
      <![CDATA[java.lang.AssertionError: Login screen not reached via hamburger menu expected [true] but found [false]
at tests.MyDemoNavigationTests.nav_HamburgerToLoginScreen(MyDemoNavigationTests.java:106)
at java.base/java.util.ArrayList.forEach(ArrayList.java:1597)
... Removed 32 stack frames]]>
    </failure>
  </testcase> <!-- nav_HamburgerToLoginScreen -->
  <testcase classname="tests.MyDemoNavigationTests" name="nav_ProductTapOpensDetailPage" time="59.602">
    <failure type="org.openqa.selenium.TimeoutException" message="Expected condition failed: waiting for element to be clickable: By.xpath: //android.widget.EditText[1] (tried for 15 second(s) with 500 milliseconds interval)
Build info: version: &amp;apos;4.32.0&amp;apos;, revision: &amp;apos;d17c8aa950&amp;apos;
System info: os.name: &amp;apos;Windows 11&amp;apos;, os.arch: &amp;apos;amd64&amp;apos;, os.version: &amp;apos;10.0&amp;apos;, java.version: &amp;apos;23.0.1&amp;apos;
Driver info: io.appium.java_client.android.AndroidDriver
Capabilities {appium:app: C:\Users\rezau\MyDemoApp.apk, appium:appActivity: com.saucelabs.mydemoapp.and..., appium:appPackage: com.saucelabs.mydemoapp.and..., appium:appWaitActivity: *, appium:appWaitDuration: 30000, appium:automationName: UiAutomator2, appium:databaseEnabled: false, appium:desired: {app: C:\Users\rezau\MyDemoApp.apk, appPackage: com.saucelabs.mydemoapp.and..., appWaitActivity: *, appWaitDuration: 30000, automationName: UiAutomator2, deviceName: emulator-5554, fullReset: false, newCommandTimeout: 120, noReset: true, platformName: ANDROID, uiautomator2ServerInstallTimeout: 60000, uiautomator2ServerLaunchTimeout: 60000}, appium:deviceApiLevel: 31, appium:deviceManufacturer: Google, appium:deviceModel: sdk_gphone64_x86_64, appium:deviceName: emulator-5554, appium:deviceScreenDensity: 420, appium:deviceScreenSize: 1080x2400, appium:deviceUDID: emulator-5554, appium:fullReset: false, appium:javascriptEnabled: true, appium:locationContextEnabled: false, appium:networkConnectionEnabled: true, appium:newCommandTimeout: 120, appium:noReset: true, appium:pixelRatio: 2.625, appium:platformVersion: 12, appium:statBarHeight: 63, appium:takesScreenshot: true, appium:uiautomator2ServerInstallTimeout: 60000, appium:uiautomator2ServerLaunchTimeout: 60000, appium:viewportRect: {height: 2337, left: 0, top: 63, width: 1080}, appium:warnings: {}, appium:webStorageEnabled: false, platformName: ANDROID}
Session ID: 2d6f7f17-a99e-44d8-bc58-9d6c77f20700">
      <![CDATA[org.openqa.selenium.TimeoutException: Expected condition failed: waiting for element to be clickable: By.xpath: //android.widget.EditText[1] (tried for 15 second(s) with 500 milliseconds interval)
Build info: version: '4.32.0', revision: 'd17c8aa950'
System info: os.name: 'Windows 11', os.arch: 'amd64', os.version: '10.0', java.version: '23.0.1'
Driver info: io.appium.java_client.android.AndroidDriver
Capabilities {appium:app: C:\Users\rezau\MyDemoApp.apk, appium:appActivity: com.saucelabs.mydemoapp.and..., appium:appPackage: com.saucelabs.mydemoapp.and..., appium:appWaitActivity: *, appium:appWaitDuration: 30000, appium:automationName: UiAutomator2, appium:databaseEnabled: false, appium:desired: {app: C:\Users\rezau\MyDemoApp.apk, appPackage: com.saucelabs.mydemoapp.and..., appWaitActivity: *, appWaitDuration: 30000, automationName: UiAutomator2, deviceName: emulator-5554, fullReset: false, newCommandTimeout: 120, noReset: true, platformName: ANDROID, uiautomator2ServerInstallTimeout: 60000, uiautomator2ServerLaunchTimeout: 60000}, appium:deviceApiLevel: 31, appium:deviceManufacturer: Google, appium:deviceModel: sdk_gphone64_x86_64, appium:deviceName: emulator-5554, appium:deviceScreenDensity: 420, appium:deviceScreenSize: 1080x2400, appium:deviceUDID: emulator-5554, appium:fullReset: false, appium:javascriptEnabled: true, appium:locationContextEnabled: false, appium:networkConnectionEnabled: true, appium:newCommandTimeout: 120, appium:noReset: true, appium:pixelRatio: 2.625, appium:platformVersion: 12, appium:statBarHeight: 63, appium:takesScreenshot: true, appium:uiautomator2ServerInstallTimeout: 60000, appium:uiautomator2ServerLaunchTimeout: 60000, appium:viewportRect: {height: 2337, left: 0, top: 63, width: 1080}, appium:warnings: {}, appium:webStorageEnabled: false, platformName: ANDROID}
Session ID: 2d6f7f17-a99e-44d8-bc58-9d6c77f20700
at org.openqa.selenium.support.ui.WebDriverWait.timeoutException(WebDriverWait.java:84)
at org.openqa.selenium.support.ui.FluentWait.until(FluentWait.java:228)
at pages.mydemo.LoginPage.findBestField(LoginPage.java:235)
at pages.mydemo.LoginPage.enterUsername(LoginPage.java:188)
at pages.mydemo.LoginPage.login(LoginPage.java:208)
at tests.MyDemoNavigationTests.nav_ProductTapOpensDetailPage(MyDemoNavigationTests.java:120)
at java.base/java.util.ArrayList.forEach(ArrayList.java:1597)
... Removed 29 stack frames]]>
    </failure>
  </testcase> <!-- nav_ProductTapOpensDetailPage -->
  <testcase classname="tests.MyDemoNavigationTests" name="nav_BackFromDetailReturnsToCatalog" time="59.023">
    <failure type="org.openqa.selenium.TimeoutException" message="Expected condition failed: waiting for element to be clickable: By.xpath: //android.widget.EditText[1] (tried for 15 second(s) with 500 milliseconds interval)
Build info: version: &amp;apos;4.32.0&amp;apos;, revision: &amp;apos;d17c8aa950&amp;apos;
System info: os.name: &amp;apos;Windows 11&amp;apos;, os.arch: &amp;apos;amd64&amp;apos;, os.version: &amp;apos;10.0&amp;apos;, java.version: &amp;apos;23.0.1&amp;apos;
Driver info: io.appium.java_client.android.AndroidDriver
Capabilities {appium:app: C:\Users\rezau\MyDemoApp.apk, appium:appActivity: com.saucelabs.mydemoapp.and..., appium:appPackage: com.saucelabs.mydemoapp.and..., appium:appWaitActivity: *, appium:appWaitDuration: 30000, appium:automationName: UiAutomator2, appium:databaseEnabled: false, appium:desired: {app: C:\Users\rezau\MyDemoApp.apk, appPackage: com.saucelabs.mydemoapp.and..., appWaitActivity: *, appWaitDuration: 30000, automationName: UiAutomator2, deviceName: emulator-5554, fullReset: false, newCommandTimeout: 120, noReset: true, platformName: ANDROID, uiautomator2ServerInstallTimeout: 60000, uiautomator2ServerLaunchTimeout: 60000}, appium:deviceApiLevel: 31, appium:deviceManufacturer: Google, appium:deviceModel: sdk_gphone64_x86_64, appium:deviceName: emulator-5554, appium:deviceScreenDensity: 420, appium:deviceScreenSize: 1080x2400, appium:deviceUDID: emulator-5554, appium:fullReset: false, appium:javascriptEnabled: true, appium:locationContextEnabled: false, appium:networkConnectionEnabled: true, appium:newCommandTimeout: 120, appium:noReset: true, appium:pixelRatio: 2.625, appium:platformVersion: 12, appium:statBarHeight: 63, appium:takesScreenshot: true, appium:uiautomator2ServerInstallTimeout: 60000, appium:uiautomator2ServerLaunchTimeout: 60000, appium:viewportRect: {height: 2337, left: 0, top: 63, width: 1080}, appium:warnings: {}, appium:webStorageEnabled: false, platformName: ANDROID}
Session ID: 2d6f7f17-a99e-44d8-bc58-9d6c77f20700">
      <![CDATA[org.openqa.selenium.TimeoutException: Expected condition failed: waiting for element to be clickable: By.xpath: //android.widget.EditText[1] (tried for 15 second(s) with 500 milliseconds interval)
Build info: version: '4.32.0', revision: 'd17c8aa950'
System info: os.name: 'Windows 11', os.arch: 'amd64', os.version: '10.0', java.version: '23.0.1'
Driver info: io.appium.java_client.android.AndroidDriver
Capabilities {appium:app: C:\Users\rezau\MyDemoApp.apk, appium:appActivity: com.saucelabs.mydemoapp.and..., appium:appPackage: com.saucelabs.mydemoapp.and..., appium:appWaitActivity: *, appium:appWaitDuration: 30000, appium:automationName: UiAutomator2, appium:databaseEnabled: false, appium:desired: {app: C:\Users\rezau\MyDemoApp.apk, appPackage: com.saucelabs.mydemoapp.and..., appWaitActivity: *, appWaitDuration: 30000, automationName: UiAutomator2, deviceName: emulator-5554, fullReset: false, newCommandTimeout: 120, noReset: true, platformName: ANDROID, uiautomator2ServerInstallTimeout: 60000, uiautomator2ServerLaunchTimeout: 60000}, appium:deviceApiLevel: 31, appium:deviceManufacturer: Google, appium:deviceModel: sdk_gphone64_x86_64, appium:deviceName: emulator-5554, appium:deviceScreenDensity: 420, appium:deviceScreenSize: 1080x2400, appium:deviceUDID: emulator-5554, appium:fullReset: false, appium:javascriptEnabled: true, appium:locationContextEnabled: false, appium:networkConnectionEnabled: true, appium:newCommandTimeout: 120, appium:noReset: true, appium:pixelRatio: 2.625, appium:platformVersion: 12, appium:statBarHeight: 63, appium:takesScreenshot: true, appium:uiautomator2ServerInstallTimeout: 60000, appium:uiautomator2ServerLaunchTimeout: 60000, appium:viewportRect: {height: 2337, left: 0, top: 63, width: 1080}, appium:warnings: {}, appium:webStorageEnabled: false, platformName: ANDROID}
Session ID: 2d6f7f17-a99e-44d8-bc58-9d6c77f20700
at org.openqa.selenium.support.ui.WebDriverWait.timeoutException(WebDriverWait.java:84)
at org.openqa.selenium.support.ui.FluentWait.until(FluentWait.java:228)
at pages.mydemo.LoginPage.findBestField(LoginPage.java:235)
at pages.mydemo.LoginPage.enterUsername(LoginPage.java:188)
at pages.mydemo.LoginPage.login(LoginPage.java:208)
at tests.MyDemoNavigationTests.nav_BackFromDetailReturnsToCatalog(MyDemoNavigationTests.java:155)
at java.base/java.util.ArrayList.forEach(ArrayList.java:1597)
... Removed 29 stack frames]]>
    </failure>
  </testcase> <!-- nav_BackFromDetailReturnsToCatalog -->
  <testcase classname="tests.MyDemoNavigationTests" name="nav_CartIconOpensCartPage" time="59.609">
    <failure type="org.openqa.selenium.TimeoutException" message="Expected condition failed: waiting for element to be clickable: By.xpath: //android.widget.EditText[1] (tried for 15 second(s) with 500 milliseconds interval)
Build info: version: &amp;apos;4.32.0&amp;apos;, revision: &amp;apos;d17c8aa950&amp;apos;
System info: os.name: &amp;apos;Windows 11&amp;apos;, os.arch: &amp;apos;amd64&amp;apos;, os.version: &amp;apos;10.0&amp;apos;, java.version: &amp;apos;23.0.1&amp;apos;
Driver info: io.appium.java_client.android.AndroidDriver
Capabilities {appium:app: C:\Users\rezau\MyDemoApp.apk, appium:appActivity: com.saucelabs.mydemoapp.and..., appium:appPackage: com.saucelabs.mydemoapp.and..., appium:appWaitActivity: *, appium:appWaitDuration: 30000, appium:automationName: UiAutomator2, appium:databaseEnabled: false, appium:desired: {app: C:\Users\rezau\MyDemoApp.apk, appPackage: com.saucelabs.mydemoapp.and..., appWaitActivity: *, appWaitDuration: 30000, automationName: UiAutomator2, deviceName: emulator-5554, fullReset: false, newCommandTimeout: 120, noReset: true, platformName: ANDROID, uiautomator2ServerInstallTimeout: 60000, uiautomator2ServerLaunchTimeout: 60000}, appium:deviceApiLevel: 31, appium:deviceManufacturer: Google, appium:deviceModel: sdk_gphone64_x86_64, appium:deviceName: emulator-5554, appium:deviceScreenDensity: 420, appium:deviceScreenSize: 1080x2400, appium:deviceUDID: emulator-5554, appium:fullReset: false, appium:javascriptEnabled: true, appium:locationContextEnabled: false, appium:networkConnectionEnabled: true, appium:newCommandTimeout: 120, appium:noReset: true, appium:pixelRatio: 2.625, appium:platformVersion: 12, appium:statBarHeight: 63, appium:takesScreenshot: true, appium:uiautomator2ServerInstallTimeout: 60000, appium:uiautomator2ServerLaunchTimeout: 60000, appium:viewportRect: {height: 2337, left: 0, top: 63, width: 1080}, appium:warnings: {}, appium:webStorageEnabled: false, platformName: ANDROID}
Session ID: 2d6f7f17-a99e-44d8-bc58-9d6c77f20700">
      <![CDATA[org.openqa.selenium.TimeoutException: Expected condition failed: waiting for element to be clickable: By.xpath: //android.widget.EditText[1] (tried for 15 second(s) with 500 milliseconds interval)
Build info: version: '4.32.0', revision: 'd17c8aa950'
System info: os.name: 'Windows 11', os.arch: 'amd64', os.version: '10.0', java.version: '23.0.1'
Driver info: io.appium.java_client.android.AndroidDriver
Capabilities {appium:app: C:\Users\rezau\MyDemoApp.apk, appium:appActivity: com.saucelabs.mydemoapp.and..., appium:appPackage: com.saucelabs.mydemoapp.and..., appium:appWaitActivity: *, appium:appWaitDuration: 30000, appium:automationName: UiAutomator2, appium:databaseEnabled: false, appium:desired: {app: C:\Users\rezau\MyDemoApp.apk, appPackage: com.saucelabs.mydemoapp.and..., appWaitActivity: *, appWaitDuration: 30000, automationName: UiAutomator2, deviceName: emulator-5554, fullReset: false, newCommandTimeout: 120, noReset: true, platformName: ANDROID, uiautomator2ServerInstallTimeout: 60000, uiautomator2ServerLaunchTimeout: 60000}, appium:deviceApiLevel: 31, appium:deviceManufacturer: Google, appium:deviceModel: sdk_gphone64_x86_64, appium:deviceName: emulator-5554, appium:deviceScreenDensity: 420, appium:deviceScreenSize: 1080x2400, appium:deviceUDID: emulator-5554, appium:fullReset: false, appium:javascriptEnabled: true, appium:locationContextEnabled: false, appium:networkConnectionEnabled: true, appium:newCommandTimeout: 120, appium:noReset: true, appium:pixelRatio: 2.625, appium:platformVersion: 12, appium:statBarHeight: 63, appium:takesScreenshot: true, appium:uiautomator2ServerInstallTimeout: 60000, appium:uiautomator2ServerLaunchTimeout: 60000, appium:viewportRect: {height: 2337, left: 0, top: 63, width: 1080}, appium:warnings: {}, appium:webStorageEnabled: false, platformName: ANDROID}
Session ID: 2d6f7f17-a99e-44d8-bc58-9d6c77f20700
at org.openqa.selenium.support.ui.WebDriverWait.timeoutException(WebDriverWait.java:84)
at org.openqa.selenium.support.ui.FluentWait.until(FluentWait.java:228)
at pages.mydemo.LoginPage.findBestField(LoginPage.java:235)
at pages.mydemo.LoginPage.enterUsername(LoginPage.java:188)
at pages.mydemo.LoginPage.login(LoginPage.java:208)
at tests.MyDemoNavigationTests.nav_CartIconOpensCartPage(MyDemoNavigationTests.java:183)
at java.base/java.util.ArrayList.forEach(ArrayList.java:1597)
... Removed 29 stack frames]]>
    </failure>
  </testcase> <!-- nav_CartIconOpensCartPage -->
  <testcase classname="tests.MyDemoNavigationTests" name="nav_CartToCheckoutNavigation" time="2208.447">
    <failure type="org.openqa.selenium.NoSuchSessionException" message="A session is either terminated or not started
Build info: version: &amp;apos;4.32.0&amp;apos;, revision: &amp;apos;d17c8aa950&amp;apos;
System info: os.name: &amp;apos;Windows 11&amp;apos;, os.arch: &amp;apos;amd64&amp;apos;, os.version: &amp;apos;10.0&amp;apos;, java.version: &amp;apos;23.0.1&amp;apos;
Driver info: io.appium.java_client.android.AndroidDriver
Command: [2d6f7f17-a99e-44d8-bc58-9d6c77f20700, findElement {using=xpath, value=//android.widget.EditText[1]}]
Capabilities {appium:app: C:\Users\rezau\MyDemoApp.apk, appium:appActivity: com.saucelabs.mydemoapp.and..., appium:appPackage: com.saucelabs.mydemoapp.and..., appium:appWaitActivity: *, appium:appWaitDuration: 30000, appium:automationName: UiAutomator2, appium:databaseEnabled: false, appium:desired: {app: C:\Users\rezau\MyDemoApp.apk, appPackage: com.saucelabs.mydemoapp.and..., appWaitActivity: *, appWaitDuration: 30000, automationName: UiAutomator2, deviceName: emulator-5554, fullReset: false, newCommandTimeout: 120, noReset: true, platformName: ANDROID, uiautomator2ServerInstallTimeout: 60000, uiautomator2ServerLaunchTimeout: 60000}, appium:deviceApiLevel: 31, appium:deviceManufacturer: Google, appium:deviceModel: sdk_gphone64_x86_64, appium:deviceName: emulator-5554, appium:deviceScreenDensity: 420, appium:deviceScreenSize: 1080x2400, appium:deviceUDID: emulator-5554, appium:fullReset: false, appium:javascriptEnabled: true, appium:locationContextEnabled: false, appium:networkConnectionEnabled: true, appium:newCommandTimeout: 120, appium:noReset: true, appium:pixelRatio: 2.625, appium:platformVersion: 12, appium:statBarHeight: 63, appium:takesScreenshot: true, appium:uiautomator2ServerInstallTimeout: 60000, appium:uiautomator2ServerLaunchTimeout: 60000, appium:viewportRect: {height: 2337, left: 0, top: 63, width: 1080}, appium:warnings: {}, appium:webStorageEnabled: false, platformName: ANDROID}
Session ID: 2d6f7f17-a99e-44d8-bc58-9d6c77f20700">
      <![CDATA[org.openqa.selenium.NoSuchSessionException: A session is either terminated or not started
Build info: version: '4.32.0', revision: 'd17c8aa950'
System info: os.name: 'Windows 11', os.arch: 'amd64', os.version: '10.0', java.version: '23.0.1'
Driver info: io.appium.java_client.android.AndroidDriver
Command: [2d6f7f17-a99e-44d8-bc58-9d6c77f20700, findElement {using=xpath, value=//android.widget.EditText[1]}]
Capabilities {appium:app: C:\Users\rezau\MyDemoApp.apk, appium:appActivity: com.saucelabs.mydemoapp.and..., appium:appPackage: com.saucelabs.mydemoapp.and..., appium:appWaitActivity: *, appium:appWaitDuration: 30000, appium:automationName: UiAutomator2, appium:databaseEnabled: false, appium:desired: {app: C:\Users\rezau\MyDemoApp.apk, appPackage: com.saucelabs.mydemoapp.and..., appWaitActivity: *, appWaitDuration: 30000, automationName: UiAutomator2, deviceName: emulator-5554, fullReset: false, newCommandTimeout: 120, noReset: true, platformName: ANDROID, uiautomator2ServerInstallTimeout: 60000, uiautomator2ServerLaunchTimeout: 60000}, appium:deviceApiLevel: 31, appium:deviceManufacturer: Google, appium:deviceModel: sdk_gphone64_x86_64, appium:deviceName: emulator-5554, appium:deviceScreenDensity: 420, appium:deviceScreenSize: 1080x2400, appium:deviceUDID: emulator-5554, appium:fullReset: false, appium:javascriptEnabled: true, appium:locationContextEnabled: false, appium:networkConnectionEnabled: true, appium:newCommandTimeout: 120, appium:noReset: true, appium:pixelRatio: 2.625, appium:platformVersion: 12, appium:statBarHeight: 63, appium:takesScreenshot: true, appium:uiautomator2ServerInstallTimeout: 60000, appium:uiautomator2ServerLaunchTimeout: 60000, appium:viewportRect: {height: 2337, left: 0, top: 63, width: 1080}, appium:warnings: {}, appium:webStorageEnabled: false, platformName: ANDROID}
Session ID: 2d6f7f17-a99e-44d8-bc58-9d6c77f20700
at org.openqa.selenium.remote.ErrorCodec.decode(ErrorCodec.java:167)
at org.openqa.selenium.remote.codec.w3c.W3CHttpResponseCodec.decode(W3CHttpResponseCodec.java:138)
at org.openqa.selenium.remote.codec.w3c.W3CHttpResponseCodec.decode(W3CHttpResponseCodec.java:50)
at org.openqa.selenium.remote.HttpCommandExecutor.execute(HttpCommandExecutor.java:215)
at io.appium.java_client.remote.AppiumCommandExecutor.execute(AppiumCommandExecutor.java:244)
at org.openqa.selenium.remote.RemoteWebDriver.execute(RemoteWebDriver.java:545)
at org.openqa.selenium.remote.ElementLocation$ElementFinder$2.findElement(ElementLocation.java:165)
at org.openqa.selenium.remote.ElementLocation.findElement(ElementLocation.java:59)
at org.openqa.selenium.remote.RemoteWebDriver.findElement(RemoteWebDriver.java:368)
at org.openqa.selenium.remote.RemoteWebDriver.findElement(RemoteWebDriver.java:362)
at org.openqa.selenium.support.ui.ExpectedConditions$7.apply(ExpectedConditions.java:194)
at org.openqa.selenium.support.ui.ExpectedConditions$7.apply(ExpectedConditions.java:190)
at org.openqa.selenium.support.ui.ExpectedConditions$22.apply(ExpectedConditions.java:627)
at org.openqa.selenium.support.ui.ExpectedConditions$22.apply(ExpectedConditions.java:624)
at org.openqa.selenium.support.ui.FluentWait.until(FluentWait.java:203)
at pages.mydemo.LoginPage.findBestField(LoginPage.java:235)
at pages.mydemo.LoginPage.enterUsername(LoginPage.java:188)
at pages.mydemo.LoginPage.login(LoginPage.java:208)
at tests.MyDemoNavigationTests.nav_CartToCheckoutNavigation(MyDemoNavigationTests.java:204)
at java.base/java.util.ArrayList.forEach(ArrayList.java:1597)
... Removed 32 stack frames]]>
    </failure>
  </testcase> <!-- nav_CartToCheckoutNavigation -->
  <testcase classname="tests.MyDemoNavigationTests" name="nav_CheckoutStepsNavigation" time="0.0">
    <skipped/>
  </testcase> <!-- nav_CheckoutStepsNavigation -->
</testsuite> <!-- 4. Navigation Tests -->
