<?xml version="1.0" encoding="UTF-8"?>
<!-- Generated by org.testng.reporters.JUnitXMLReporter -->
<testsuite ignored="0" hostname="REZA" failures="0" tests="5" name="5. Device Behavior Tests" time="26941.697" errors="0" timestamp="2026-06-30T21:58:56 EDT">
  <testcase classname="tests.MyDemoDeviceBehaviorTests" name="device_CatalogLandscapeRotation" time="0.0">
    <skipped/>
  </testcase> <!-- device_CatalogLandscapeRotation -->
  <testcase classname="tests.MyDemoDeviceBehaviorTests" name="device_CheckoutFormLandscapeRotation" time="0.0">
    <skipped/>
  </testcase> <!-- device_CheckoutFormLandscapeRotation -->
  <testcase classname="tests.MyDemoDeviceBehaviorTests" name="device_BackButtonOnLoginScreen" time="0.0">
    <skipped/>
  </testcase> <!-- device_BackButtonOnLoginScreen -->
  <testcase classname="tests.MyDemoDeviceBehaviorTests" name="device_BackButtonOnCheckoutGoesBack" time="0.0">
    <skipped/>
  </testcase> <!-- device_BackButtonOnCheckoutGoesBack -->
  <testcase classname="tests.MyDemoDeviceBehaviorTests" name="device_HomePressAndResume" time="0.0">
    <skipped/>
  </testcase> <!-- device_HomePressAndResume -->
</testsuite> <!-- 5. Device Behavior Tests -->
