<?xml version="1.0" encoding="UTF-8"?>
<!-- Generated by org.testng.reporters.JUnitXMLReporter -->
<testsuite ignored="0" hostname="REZA" failures="0" tests="8" name="6. Negative Tests" time="4409.049" errors="0" timestamp="2026-06-30T23:12:26 EDT">
  <testcase classname="tests.MyDemoNegativeTests" name="negative_UsernameOnlyNoPassword" time="0.001">
    <skipped/>
  </testcase> <!-- negative_UsernameOnlyNoPassword -->
  <testcase classname="tests.MyDemoNegativeTests" name="negative_PasswordOnlyNoUsername" time="0.0">
    <skipped/>
  </testcase> <!-- negative_PasswordOnlyNoUsername -->
  <testcase classname="tests.MyDemoNegativeTests" name="negative_InvalidEmailFormat" time="0.0">
    <skipped/>
  </testcase> <!-- negative_InvalidEmailFormat -->
  <testcase classname="tests.MyDemoNegativeTests" name="negative_WrongPassword" time="0.0">
    <skipped/>
  </testcase> <!-- negative_WrongPassword -->
  <testcase classname="tests.MyDemoNegativeTests" name="negative_CheckoutEmptyShippingFields" time="0.0">
    <skipped/>
  </testcase> <!-- negative_CheckoutEmptyShippingFields -->
  <testcase classname="tests.MyDemoNegativeTests" name="negative_InvalidCardNumber" time="0.0">
    <skipped/>
  </testcase> <!-- negative_InvalidCardNumber -->
  <testcase classname="tests.MyDemoNegativeTests" name="negative_ExpiredCardDate" time="0.0">
    <skipped/>
  </testcase> <!-- negative_ExpiredCardDate -->
  <testcase classname="tests.MyDemoNegativeTests" name="negative_VeryLongInputStrings" time="0.0">
    <skipped/>
  </testcase> <!-- negative_VeryLongInputStrings -->
</testsuite> <!-- 6. Negative Tests -->
